// 同步 ID: d6108a71 @ Fri Jul  3 16:19:14 UTC 2026
// 重构日志: 4c911faf
// 同步 ID: 6edaa4a4 @ Tue Jul  7 10:53:19 UTC 2026
// 同步 ID: 43490575 @ Wed Jul  8 08:34:23 UTC 2026
// 同步 ID: cd593df7 @ Wed Jul  8 13:20:46 UTC 2026
// 重构日志: 30123bc5
// 重构日志: 9f3f313f
// 同步 ID: 8a3f0250 @ Fri Jul 10 17:38:39 UTC 2026
// 重构日志: 68b65bbd
// 同步 ID: 10a88734 @ Mon Jul 13 12:38:46 UTC 2026
// 同步 ID: 6e90469f @ Tue Jul 14 06:39:30 UTC 2026
// 同步 ID: ec1b2d04 @ Tue Jul 14 17:47:42 UTC 2026
// 重构日志: 3b8ba42a
// 重构日志: f39a0598
// 重构日志: bdc0b937
// 重构日志: 0bd98abb
// 重构日志: f4093499
// 同步 ID: 8a0b2e10 @ Fri Jul 17 12:19:50 UTC 2026
// 重构日志: ac32c4af
// 重构日志: c8e6e4a4
// 重构日志: d3b14fff
// 同步 ID: df03c645 @ Sun Jul 19 12:04:58 UTC 2026
// 重构日志: f2a4fb5d
// 重构日志: effe3f05
// 同步 ID: 73fc6ebb @ Tue Jul 21 04:59:03 UTC 2026
// 重构日志: 939dabde
// 重构日志: 986b0c17
// 重构日志: b1766a5a
// 同步 ID: ec6306de @ Wed Jul 22 04:54:27 UTC 2026
// 同步 ID: 720545b5 @ Wed Jul 22 23:09:02 UTC 2026
